########### array before sorts ###########
0	16.002000	25.908000	90.658000	25.781000	n
1	90.658000	25.781000	90.658000	50.597000	n
2	90.658000	50.597000	16.002000	50.724000	n
3	16.002000	50.724000	16.002000	25.908000	n
Tolerance=0.050000.
*Exact match for i=0 and j=1.
*i point 16.002000	25.908000	90.658000	25.781000	y
*Exact match for i=1 and j=2.
*i point 90.658000	25.781000	90.658000	50.597000	y
*Exact match for i=2 and j=3.
*i point 90.658000	50.597000	16.002000	50.724000	y
########### array after sorts ###########
0	16.002000	25.908000	90.658000	25.781000	y
1	90.658000	25.781000	90.658000	50.597000	y
2	90.658000	50.597000	16.002000	50.724000	y
3	16.002000	50.724000	16.002000	25.908000	y
***************
.BOARD_OUTLINE UNOWNED
1.6
0     16.002000     25.908000     0
0     90.658000     25.781000     0
0     90.658000     50.597000     0
0     16.002000     50.724000     0
0     16.002000     25.908000     0
